# JRE version: Java(TM) SE Runtime Environment (8.0_191-b12) (build 1.8.0_191-b12)
# Java VM: Java HotSpot(TM) 64-Bit Server VM (25.191-b12 mixed mode windows-amd64 compressed oops)
Heap:
 PSYoungGen      total 37888K, used 18582K [0x00000000d6800000, 0x00000000db200000, 0x0000000100000000)
  eden space 32768K, 41% used [0x00000000d6800000,0x00000000d7525f70,0x00000000d8800000)
  from space 5120K, 99% used [0x00000000d8800000,0x00000000d8cffc38,0x00000000d8d00000)
  to   space 5120K, 96% used [0x00000000dad00000,0x00000000db1d0020,0x00000000db200000)
 ParOldGen       total 86016K, used 4808K [0x0000000083800000, 0x0000000088c00000, 0x00000000d6800000)
  object space 86016K, 5% used [0x0000000083800000,0x0000000083cb22d8,0x0000000088c00000)
 Metaspace       used 20685K, capacity 21243K, committed 21296K, reserved 1067008K
  class space    used 2792K, capacity 2944K, committed 2944K, reserved 1048576K
GC Heap History (7 events):
Event: 0.847 GC heap before
{Heap before GC invocations=1 (full 0):
 PSYoungGen      total 37888K, used 32768K [0x00000000d6800000, 0x00000000d9200000, 0x0000000100000000)
  eden space 32768K, 100% used [0x00000000d6800000,0x00000000d8800000,0x00000000d8800000)
  from space 5120K, 0% used [0x00000000d8d00000,0x00000000d8d00000,0x00000000d9200000)
  to   space 5120K, 0% used [0x00000000d8800000,0x00000000d8800000,0x00000000d8d00000)
 ParOldGen       total 86016K, used 0K [0x0000000083800000, 0x0000000088c00000, 0x00000000d6800000)
  object space 86016K, 0% used [0x0000000083800000,0x0000000083800000,0x0000000088c00000)
 Metaspace       used 12033K, capacity 12336K, committed 12416K, reserved 1060864K
  class space    used 1541K, capacity 1652K, committed 1664K, reserved 1048576K
Event: 0.854 GC heap after
Heap after GC invocations=1 (full 0):
 PSYoungGen      total 37888K, used 5117K [0x00000000d6800000, 0x00000000d9200000, 0x0000000100000000)
  eden space 32768K, 0% used [0x00000000d6800000,0x00000000d6800000,0x00000000d8800000)
  from space 5120K, 99% used [0x00000000d8800000,0x00000000d8cff580,0x00000000d8d00000)
  to   space 5120K, 0% used [0x00000000d8d00000,0x00000000d8d00000,0x00000000d9200000)
 ParOldGen       total 86016K, used 375K [0x0000000083800000, 0x0000000088c00000, 0x00000000d6800000)
  object space 86016K, 0% used [0x0000000083800000,0x000000008385dde8,0x0000000088c00000)
 Metaspace       used 12033K, capacity 12336K, committed 12416K, reserved 1060864K
  class space    used 1541K, capacity 1652K, committed 1664K, reserved 1048576K
}
Event: 1.030 GC heap before
{Heap before GC invocations=2 (full 0):
 PSYoungGen      total 37888K, used 37885K [0x00000000d6800000, 0x00000000d9200000, 0x0000000100000000)
  eden space 32768K, 100% used [0x00000000d6800000,0x00000000d8800000,0x00000000d8800000)
  from space 5120K, 99% used [0x00000000d8800000,0x00000000d8cff580,0x00000000d8d00000)
  to   space 5120K, 0% used [0x00000000d8d00000,0x00000000d8d00000,0x00000000d9200000)
 ParOldGen       total 86016K, used 375K [0x0000000083800000, 0x0000000088c00000, 0x00000000d6800000)
  object space 86016K, 0% used [0x0000000083800000,0x000000008385dde8,0x0000000088c00000)
 Metaspace       used 15091K, capacity 15588K, committed 15872K, reserved 1062912K
  class space    used 2073K, capacity 2189K, committed 2304K, reserved 1048576K
Event: 1.038 GC heap after
Heap after GC invocations=2 (full 0):
 PSYoungGen      total 37888K, used 5111K [0x00000000d6800000, 0x00000000db200000, 0x0000000100000000)
  eden space 32768K, 0% used [0x00000000d6800000,0x00000000d6800000,0x00000000d8800000)
  from space 5120K, 99% used [0x00000000d8d00000,0x00000000d91fdfb0,0x00000000d9200000)
  to   space 5120K, 0% used [0x00000000d8800000,0x00000000d8800000,0x00000000d8d00000)
 ParOldGen       total 86016K, used 1479K [0x0000000083800000, 0x0000000088c00000, 0x00000000d6800000)
  object space 86016K, 1% used [0x0000000083800000,0x0000000083971d60,0x0000000088c00000)
 Metaspace       used 15091K, capacity 15588K, committed 15872K, reserved 1062912K
  class space    used 2073K, capacity 2189K, committed 2304K, reserved 1048576K
}
Event: 1.225 GC heap before
{Heap before GC invocations=3 (full 0):
 PSYoungGen      total 37888K, used 37879K [0x00000000d6800000, 0x00000000db200000, 0x0000000100000000)
  eden space 32768K, 100% used [0x00000000d6800000,0x00000000d8800000,0x00000000d8800000)
  from space 5120K, 99% used [0x00000000d8d00000,0x00000000d91fdfb0,0x00000000d9200000)
  to   space 5120K, 0% used [0x00000000d8800000,0x00000000d8800000,0x00000000d8d00000)
 ParOldGen       total 86016K, used 1479K [0x0000000083800000, 0x0000000088c00000, 0x00000000d6800000)
  object space 86016K, 1% used [0x0000000083800000,0x0000000083971d60,0x0000000088c00000)
 Metaspace       used 19107K, capacity 19692K, committed 19968K, reserved 1067008K
  class space    used 2586K, capacity 2765K, committed 2816K, reserved 1048576K
Event: 1.234 GC heap after
Heap after GC invocations=3 (full 0):
 PSYoungGen      total 37888K, used 5119K [0x00000000d6800000, 0x00000000db200000, 0x0000000100000000)
  eden space 32768K, 0% used [0x00000000d6800000,0x00000000d6800000,0x00000000d8800000)
  from space 5120K, 99% used [0x00000000d8800000,0x00000000d8cffc38,0x00000000d8d00000)
  to   space 5120K, 0% used [0x00000000dad00000,0x00000000dad00000,0x00000000db200000)
 ParOldGen       total 86016K, used 4736K [0x0000000083800000, 0x0000000088c00000, 0x00000000d6800000)
  object space 86016K, 5% used [0x0000000083800000,0x0000000083ca02c8,0x0000000088c00000)
 Metaspace       used 19107K, capacity 19692K, committed 19968K, reserved 1067008K
  class space    used 2586K, capacity 2765K, committed 2816K, reserved 1048576K
}
Event: 1.311 GC heap before
{Heap before GC invocations=4 (full 0):
 PSYoungGen      total 37888K, used 18582K [0x00000000d6800000, 0x00000000db200000, 0x0000000100000000)
  eden space 32768K, 41% used [0x00000000d6800000,0x00000000d7525db0,0x00000000d8800000)
  from space 5120K, 99% used [0x00000000d8800000,0x00000000d8cffc38,0x00000000d8d00000)
  to   space 5120K, 0% used [0x00000000dad00000,0x00000000dad00000,0x00000000db200000)
 ParOldGen       total 86016K, used 4736K [0x0000000083800000, 0x0000000088c00000, 0x00000000d6800000)
  object space 86016K, 5% used [0x0000000083800000,0x0000000083ca02c8,0x0000000088c00000)
 Metaspace       used 20685K, capacity 21243K, committed 21296K, reserved 1067008K
  class space    used 2792K, capacity 2944K, committed 2944K, reserved 1048576K

